
localhost [pid: 4190|app: 0|req: 3/3] 127.0.0.1 () {48 vars in 810 bytes} [Mon Aug 31 09:51:15 2015] POST /admin => generated 178 bytes in 3 msecs (HTTP/1.1 405) 3 headers in 108 bytes (1 switches on core 0)
*** Starting uWSGI 2.0.11.1 (64bit) on [Mon Aug 31 09:52:14 2015] ***
compiled with version: 4.8.4 on 30 August 2015 21:26:22
os: Linux-3.13.0-35-generic #62-Ubuntu SMP Fri Aug 15 01:58:42 UTC 2014
nodename: maurizio
machine: x86_64
clock source: unix
pcre jit disabled
detected number of CPU cores: 2
current working directory: /home/maurizio/.FlaskProject
detected binary path: /home/maurizio/.FlaskProject/FlaskProjectEnvironment/bin/uwsgi
*** WARNING: you are running uWSGI without its master process manager ***
your processes number limit is 7696
your memory page size is 4096 bytes
detected max file descriptor number: 1024
VirtualHosting mode enabled.
lock engine: pthread robust mutexes
thunder lock: disabled (you can enable it with --thunder-lock)
uwsgi socket 0 bound to UNIX address uwsgi.sock fd 3
Python version: 2.7.6 (default, Jun 22 2015, 18:01:27)  [GCC 4.8.2]
*** Python threads support is disabled. You can enable it with --enable-threads ***
Python main interpreter initialized at 0x152d300
your server socket listen backlog is limited to 100 connections
your mercy for graceful operations on workers is 60 seconds
mapped 72760 bytes (71 KB) for 1 cores
*** Operational MODE: single process ***
WSGI app 0 (mountpoint='') ready in 0 seconds on interpreter 0x152d300 pid: 4202 (default app)
*** uWSGI is running in multiple interpreter mode ***
spawned uWSGI worker 1 (and the only) (pid: 4202, cores: 1)
localhost [pid: 4202|app: 0|req: 1/1] 127.0.0.1 () {46 vars in 779 bytes} [Mon Aug 31 09:52:22 2015] POST /admin => generated 35 bytes in 71 msecs (HTTP/1.1 200) 2 headers in 79 bytes (1 switches on core 0)
localhost [pid: 4202|app: 0|req: 2/2] 127.0.0.1 () {46 vars in 779 bytes} [Mon Aug 31 09:52:29 2015] POST /admin => generated 31 bytes in 4 msecs (HTTP/1.1 200) 2 headers in 79 bytes (1 switches on core 0)
